{"/home/gowtham/Sports-Center/src/components/Article/ArticlesList.tsx": {"path":"/home/gowtham/Sports-Center/src/components/Article/ArticlesList.tsx","statementMap":{"0":{"start":{"line":1,"column":0},"end":{"line":1,"column":51}},"1":{"start":{"line":2,"column":0},"end":{"line":2,"column":null}},"2":{"start":{"line":6,"column":0},"end":{"line":6,"column":61}},"3":{"start":{"line":7,"column":0},"end":{"line":7,"column":38}},"4":{"start":{"line":8,"column":0},"end":{"line":8,"column":75}},"5":{"start":{"line":9,"column":0},"end":{"line":9,"column":72}},"6":{"start":{"line":10,"column":0},"end":{"line":10,"column":38}},"7":{"start":{"line":11,"column":0},"end":{"line":11,"column":54}},"8":{"start":{"line":17,"column":48},"end":{"line":115,"column":1}},"9":{"start":{"line":18,"column":44},"end":{"line":18,"column":74}},"10":{"start":{"line":19,"column":19},"end":{"line":19,"column":40}},"11":{"start":{"line":20,"column":30},"end":{"line":20,"column":54}},"12":{"start":{"line":21,"column":43},"end":{"line":21,"column":61}},"13":{"start":{"line":23,"column":2},"end":{"line":29,"column":53}},"14":{"start":{"line":24,"column":4},"end":{"line":28,"column":5}},"15":{"start":{"line":25,"column":6},"end":{"line":25,"column":30}},"16":{"start":{"line":26,"column":11},"end":{"line":28,"column":5}},"17":{"start":{"line":27,"column":6},"end":{"line":27,"column":48}},"18":{"start":{"line":31,"column":27},"end":{"line":33,"column":3}},"19":{"start":{"line":32,"column":4},"end":{"line":32,"column":36}},"20":{"start":{"line":35,"column":32},"end":{"line":51,"column":3}},"21":{"start":{"line":36,"column":4},"end":{"line":50,"column":5}},"22":{"start":{"line":37,"column":23},"end":{"line":42,"column":8}},"23":{"start":{"line":43,"column":6},"end":{"line":45,"column":7}},"24":{"start":{"line":44,"column":8},"end":{"line":44,"column":48}},"25":{"start":{"line":46,"column":19},"end":{"line":46,"column":40}},"26":{"start":{"line":47,"column":6},"end":{"line":47,"column":27}},"27":{"start":{"line":49,"column":6},"end":{"line":49,"column":62}},"28":{"start":{"line":53,"column":2},"end":{"line":114,"column":4}},"29":{"start":{"line":57,"column":31},"end":{"line":57,"column":60}},"30":{"start":{"line":72,"column":42},"end":{"line":72,"column":78}},"31":{"start":{"line":74,"column":18},"end":{"line":104,"column":null}},"32":{"start":{"line":88,"column":41},"end":{"line":88,"column":74}},"33":{"start":{"line":117,"column":0},"end":{"line":117,"column":27}}},"fnMap":{"0":{"name":"(anonymous_1)","decl":{"start":{"line":17,"column":48},"end":{"line":17,"column":49}},"loc":{"start":{"line":17,"column":71},"end":{"line":115,"column":1}}},"1":{"name":"(anonymous_2)","decl":{"start":{"line":23,"column":12},"end":{"line":23,"column":15}},"loc":{"start":{"line":23,"column":17},"end":{"line":29,"column":3}}},"2":{"name":"(anonymous_3)","decl":{"start":{"line":31,"column":27},"end":{"line":31,"column":28}},"loc":{"start":{"line":31,"column":53},"end":{"line":33,"column":3}}},"3":{"name":"(anonymous_4)","decl":{"start":{"line":35,"column":32},"end":{"line":35,"column":37}},"loc":{"start":{"line":35,"column":60},"end":{"line":51,"column":3}}},"4":{"name":"(anonymous_5)","decl":{"start":{"line":57,"column":25},"end":{"line":57,"column":28}},"loc":{"start":{"line":57,"column":31},"end":{"line":57,"column":60}}},"5":{"name":"(anonymous_6)","decl":{"start":{"line":72,"column":24},"end":{"line":72,"column":25}},"loc":{"start":{"line":72,"column":42},"end":{"line":72,"column":78}}},"6":{"name":"(anonymous_7)","decl":{"start":{"line":73,"column":21},"end":{"line":73,"column":22}},"loc":{"start":{"line":74,"column":18},"end":{"line":104,"column":null}}},"7":{"name":"(anonymous_8)","decl":{"start":{"line":88,"column":35},"end":{"line":88,"column":38}},"loc":{"start":{"line":88,"column":41},"end":{"line":88,"column":74}}}},"branchMap":{"0":{"loc":{"start":{"line":24,"column":4},"end":{"line":28,"column":5}},"type":"if","locations":[{"start":{"line":24,"column":4},"end":{"line":28,"column":5}},{"start":{"line":26,"column":11},"end":{"line":28,"column":5}}]},"1":{"loc":{"start":{"line":24,"column":8},"end":{"line":24,"column":54}},"type":"binary-expr","locations":[{"start":{"line":24,"column":8},"end":{"line":24,"column":21}},{"start":{"line":24,"column":25},"end":{"line":24,"column":54}}]},"2":{"loc":{"start":{"line":26,"column":11},"end":{"line":28,"column":5}},"type":"if","locations":[{"start":{"line":26,"column":11},"end":{"line":28,"column":5}}]},"3":{"loc":{"start":{"line":43,"column":6},"end":{"line":45,"column":7}},"type":"if","locations":[{"start":{"line":43,"column":6},"end":{"line":45,"column":7}}]},"4":{"loc":{"start":{"line":60,"column":9},"end":{"line":61,"column":null}},"type":"binary-expr","locations":[{"start":{"line":60,"column":9},"end":{"line":60,"column":18}},{"start":{"line":61,"column":10},"end":{"line":61,"column":72}}]},"5":{"loc":{"start":{"line":63,"column":9},"end":{"line":66,"column":null}},"type":"binary-expr","locations":[{"start":{"line":63,"column":9},"end":{"line":63,"column":16}},{"start":{"line":64,"column":10},"end":{"line":64,"column":null}}]},"6":{"loc":{"start":{"line":68,"column":9},"end":{"line":110,"column":null}},"type":"binary-expr","locations":[{"start":{"line":68,"column":9},"end":{"line":68,"column":19}},{"start":{"line":68,"column":23},"end":{"line":68,"column":31}},{"start":{"line":69,"column":10},"end":{"line":109,"column":null}}]},"7":{"loc":{"start":{"line":70,"column":13},"end":{"line":108,"column":null}},"type":"cond-expr","locations":[{"start":{"line":71,"column":14},"end":{"line":105,"column":null}},{"start":{"line":108,"column":14},"end":{"line":108,"column":42}}]},"8":{"loc":{"start":{"line":74,"column":18},"end":{"line":104,"column":null}},"type":"cond-expr","locations":[{"start":{"line":75,"column":20},"end":{"line":75,"column":69}},{"start":{"line":77,"column":20},"end":{"line":78,"column":null}}]}},"s":{"0":1,"1":1,"2":1,"3":1,"4":1,"5":1,"6":1,"7":1,"8":1,"9":3,"10":3,"11":3,"12":3,"13":3,"14":3,"15":0,"16":3,"17":0,"18":3,"19":0,"20":3,"21":0,"22":0,"23":0,"24":0,"25":0,"26":0,"27":0,"28":3,"29":0,"30":0,"31":0,"32":0,"33":1},"f":{"0":3,"1":3,"2":0,"3":0,"4":0,"5":0,"6":0,"7":0},"b":{"0":[0,3],"1":[3,0],"2":[0],"3":[0],"4":[3,1],"5":[3,1],"6":[3,2,1],"7":[1,0],"8":[0,0]}}
,"/home/gowtham/Sports-Center/src/config/constants.ts": {"path":"/home/gowtham/Sports-Center/src/config/constants.ts","statementMap":{"0":{"start":{"line":1,"column":13},"end":{"line":1,"column":76}}},"fnMap":{},"branchMap":{},"s":{"0":1},"f":{},"b":{}}
}
