TN:
SF:src/components/Article/ArticlesList.tsx
FN:17,(anonymous_1)
FN:23,(anonymous_2)
FN:31,(anonymous_3)
FN:35,(anonymous_4)
FN:57,(anonymous_5)
FN:72,(anonymous_6)
FN:73,(anonymous_7)
FN:88,(anonymous_8)
FNF:8
FNH:2
FNDA:3,(anonymous_1)
FNDA:3,(anonymous_2)
FNDA:0,(anonymous_3)
FNDA:0,(anonymous_4)
FNDA:0,(anonymous_5)
FNDA:0,(anonymous_6)
FNDA:0,(anonymous_7)
FNDA:0,(anonymous_8)
DA:1,1
DA:2,1
DA:6,1
DA:7,1
DA:8,1
DA:9,1
DA:10,1
DA:11,1
DA:17,1
DA:18,3
DA:19,3
DA:20,3
DA:21,3
DA:23,3
DA:24,3
DA:25,0
DA:26,3
DA:27,0
DA:31,3
DA:32,0
DA:35,3
DA:36,0
DA:37,0
DA:43,0
DA:44,0
DA:46,0
DA:47,0
DA:49,0
DA:53,3
DA:57,0
DA:72,0
DA:74,0
DA:88,0
DA:117,1
LF:34
LH:20
BRDA:24,0,0,0
BRDA:24,0,1,3
BRDA:24,1,0,3
BRDA:24,1,1,0
BRDA:26,2,0,0
BRDA:43,3,0,0
BRDA:60,4,0,3
BRDA:60,4,1,1
BRDA:63,5,0,3
BRDA:63,5,1,1
BRDA:68,6,0,3
BRDA:68,6,1,2
BRDA:68,6,2,1
BRDA:70,7,0,1
BRDA:70,7,1,0
BRDA:74,8,0,0
BRDA:74,8,1,0
BRF:17
BRH:10
end_of_record
TN:
SF:src/config/constants.ts
FNF:0
FNH:0
DA:1,1
LF:1
LH:1
BRF:0
BRH:0
end_of_record
